Using pre-set license
Built from '2020.3/staging' branch; Version is '2020.3.6f1 (338bb68529b2) revision 3378102'; Using compiler version '192528614'; Build Type 'Release'
OS: 'Windows 10 Pro; OS build 19043.1348; Version 2009; 64bit' Language: 'pt' Physical Memory: 32614 MB
BatchMode: 1, IsHumanControllingUs: 0, StartBugReporterOnCrash: 0, Is64bit: 1, IsPro: 0

 COMMAND LINE ARGUMENTS:
C:\Program Files\Unity\Hub\Editor\2020.3.6f1\Editor\Unity.exe
-adb2
-batchMode
-noUpm
-name
AssetImportWorker0
-projectPath
C:/Users/ARKADE/Documents/GitHub/SpaceShooter/Space Shooter
-logFile
Logs/AssetImportWorker0.log
-srvPort
64241
Successfully changed project path to: C:/Users/ARKADE/Documents/GitHub/SpaceShooter/Space Shooter
C:/Users/ARKADE/Documents/GitHub/SpaceShooter/Space Shooter
Using Asset Import Pipeline V2.
Refreshing native plugins compatible for Editor in 31.48 ms, found 1 plugins.
Preloading 0 native plugins for Editor in 0.00 ms.
Initialize engine version: 2020.3.6f1 (338bb68529b2)
[Subsystems] Discovering subsystems at path C:/Program Files/Unity/Hub/Editor/2020.3.6f1/Editor/Data/Resources/UnitySubsystems
[Subsystems] Discovering subsystems at path C:/Users/ARKADE/Documents/GitHub/SpaceShooter/Space Shooter/Assets
GfxDevice: creating device client; threaded=0
Direct3D:
    Version:  Direct3D 11.0 [level 11.1]
    Renderer: NVIDIA GeForce GTX 1660 Ti (ID=0x2191)
    Vendor:   
    VRAM:     5991 MB
    Driver:   27.21.14.5167
Initialize mono
Mono path[0] = 'C:/Program Files/Unity/Hub/Editor/2020.3.6f1/Editor/Data/Managed'
Mono path[1] = 'C:/Program Files/Unity/Hub/Editor/2020.3.6f1/Editor/Data/MonoBleedingEdge/lib/mono/unityjit'
Mono config path = 'C:/Program Files/Unity/Hub/Editor/2020.3.6f1/Editor/Data/MonoBleedingEdge/etc'
Using monoOptions --debugger-agent=transport=dt_socket,embedding=1,server=y,suspend=n,address=127.0.0.1:56892
Begin MonoManager ReloadAssembly
Registering precompiled unity dll's ...
Register platform support module: C:/Program Files/Unity/Hub/Editor/2020.3.6f1/Editor/Data/PlaybackEngines/WebGLSupport/UnityEditor.WebGL.Extensions.dll
Register platform support module: C:/Program Files/Unity/Hub/Editor/2020.3.6f1/Editor/Data/PlaybackEngines/WindowsStandaloneSupport/UnityEditor.WindowsStandalone.Extensions.dll
Registered in 0.002331 seconds.
Native extension for WindowsStandalone target not found
Native extension for WebGL target not found
Refreshing native plugins compatible for Editor in 30.63 ms, found 1 plugins.
Preloading 0 native plugins for Editor in 0.00 ms.
Mono: successfully reloaded assembly
- Completed reload, in  2.103 seconds
Platform modules already initialized, skipping
Registering precompiled user dll's ...
Registered in 0.000951 seconds.
Begin MonoManager ReloadAssembly
Native extension for WindowsStandalone target not found
Native extension for WebGL target not found
Refreshing native plugins compatible for Editor in 32.03 ms, found 1 plugins.
Preloading 0 native plugins for Editor in 0.00 ms.
Mono: successfully reloaded assembly
- Completed reload, in  0.818 seconds
Platform modules already initialized, skipping
========================================================================
Worker process is ready to serve import requests
Launched and connected shader compiler UnityShaderCompiler.exe after 0.04 seconds
Refreshing native plugins compatible for Editor in 0.30 ms, found 1 plugins.
Preloading 0 native plugins for Editor in 0.00 ms.
Unloading 1808 Unused Serialized files (Serialized files now loaded: 0)
System memory in use before: 84.9 MB.
System memory in use after: 84.8 MB.

Unloading 24 unused Assets to reduce memory usage. Loaded Objects now: 2250.
Total: 2.056700 ms (FindLiveObjects: 0.188700 ms CreateObjectMapping: 0.089500 ms MarkObjects: 1.668500 ms  DeleteObjects: 0.108800 ms)

========================================================================
Received Import Request.
  path: Assets/Animations
  artifactKey: Guid(10454a30ab6c3d44083acb4eaf5b558d) Importer(815301076,1909f56bfc062723c751e8b465ee728b)
Start importing Assets/Animations using Guid(10454a30ab6c3d44083acb4eaf5b558d) Importer(815301076,1909f56bfc062723c751e8b465ee728b)  -> (artifact id: 'bbef824209d580a6ab070a84f965dd5e') in 0.012462 seconds
  Import took 0.015251 seconds .

========================================================================
Received Import Request.
  Time since last request: 39.203698 seconds.
  path: Assets/Sprites/Player/New Animation.anim
  artifactKey: Guid(ad3c738f68fb25e42b2d1725cb68988f) Importer(815301076,1909f56bfc062723c751e8b465ee728b)
Start importing Assets/Sprites/Player/New Animation.anim using Guid(ad3c738f68fb25e42b2d1725cb68988f) Importer(815301076,1909f56bfc062723c751e8b465ee728b)  -> (artifact id: '5f65210a2e77541dfbef2c53e20d7dc6') in 0.038537 seconds
  Import took 0.040957 seconds .

========================================================================
Received Import Request.
  Time since last request: 11.616609 seconds.
  path: Assets/Sprites/Player/Player.anim
  artifactKey: Guid(ad3c738f68fb25e42b2d1725cb68988f) Importer(815301076,1909f56bfc062723c751e8b465ee728b)
Start importing Assets/Sprites/Player/Player.anim using Guid(ad3c738f68fb25e42b2d1725cb68988f) Importer(815301076,1909f56bfc062723c751e8b465ee728b)  -> (artifact id: '02519225513763722d054bd50c3436bf') in 0.003734 seconds
  Import took 0.006760 seconds .

========================================================================
Received Prepare
Registering precompiled user dll's ...
Registered in 0.000911 seconds.
Begin MonoManager ReloadAssembly
Native extension for WindowsStandalone target not found
Native extension for WebGL target not found
Refreshing native plugins compatible for Editor in 0.32 ms, found 1 plugins.
Preloading 0 native plugins for Editor in 0.00 ms.
Mono: successfully reloaded assembly
- Completed reload, in  0.738 seconds
Platform modules already initialized, skipping
Refreshing native plugins compatible for Editor in 0.31 ms, found 1 plugins.
Preloading 0 native plugins for Editor in 0.00 ms.
Unloading 1803 Unused Serialized files (Serialized files now loaded: 0)
System memory in use before: 84.8 MB.
System memory in use after: 84.8 MB.

Unloading 12 unused Assets to reduce memory usage. Loaded Objects now: 2254.
Total: 3.972900 ms (FindLiveObjects: 0.331700 ms CreateObjectMapping: 0.162900 ms MarkObjects: 3.299000 ms  DeleteObjects: 0.177100 ms)

========================================================================
Received Import Request.
  Time since last request: 61.046387 seconds.
  path: Assets/Animations/Player.anim
  artifactKey: Guid(ad3c738f68fb25e42b2d1725cb68988f) Importer(815301076,1909f56bfc062723c751e8b465ee728b)
Start importing Assets/Animations/Player.anim using Guid(ad3c738f68fb25e42b2d1725cb68988f) Importer(815301076,1909f56bfc062723c751e8b465ee728b)  -> (artifact id: '38c32378ef14056b56fa1666353bc95a') in 0.010732 seconds
  Import took 0.016264 seconds .

========================================================================
Received Prepare
Registering precompiled user dll's ...
Registered in 0.000773 seconds.
Begin MonoManager ReloadAssembly
Native extension for WindowsStandalone target not found
Native extension for WebGL target not found
Refreshing native plugins compatible for Editor in 0.31 ms, found 1 plugins.
Preloading 0 native plugins for Editor in 0.00 ms.
Mono: successfully reloaded assembly
- Completed reload, in  0.745 seconds
Platform modules already initialized, skipping
Refreshing native plugins compatible for Editor in 0.28 ms, found 1 plugins.
Preloading 0 native plugins for Editor in 0.00 ms.
Unloading 1803 Unused Serialized files (Serialized files now loaded: 0)
System memory in use before: 84.9 MB.
System memory in use after: 84.9 MB.

Unloading 12 unused Assets to reduce memory usage. Loaded Objects now: 2258.
Total: 4.119400 ms (FindLiveObjects: 0.292500 ms CreateObjectMapping: 0.126700 ms MarkObjects: 3.526800 ms  DeleteObjects: 0.171700 ms)

========================================================================
Received Prepare
Registering precompiled user dll's ...
Registered in 0.000846 seconds.
Begin MonoManager ReloadAssembly
Native extension for WindowsStandalone target not found
Native extension for WebGL target not found
Refreshing native plugins compatible for Editor in 0.33 ms, found 1 plugins.
Preloading 0 native plugins for Editor in 0.00 ms.
Mono: successfully reloaded assembly
- Completed reload, in  0.733 seconds
Platform modules already initialized, skipping
Refreshing native plugins compatible for Editor in 0.31 ms, found 1 plugins.
Preloading 0 native plugins for Editor in 0.00 ms.
Unloading 1803 Unused Serialized files (Serialized files now loaded: 0)
System memory in use before: 84.9 MB.
System memory in use after: 84.9 MB.

Unloading 12 unused Assets to reduce memory usage. Loaded Objects now: 2262.
Total: 2.057000 ms (FindLiveObjects: 0.231000 ms CreateObjectMapping: 0.078500 ms MarkObjects: 1.656700 ms  DeleteObjects: 0.089700 ms)

========================================================================
Received Import Request.
  Time since last request: 77.561215 seconds.
  path: Assets/Animations/player_0.controller
  artifactKey: Guid(3c548ff24a0861c449e662e755d23640) Importer(815301076,1909f56bfc062723c751e8b465ee728b)
Start importing Assets/Animations/player_0.controller using Guid(3c548ff24a0861c449e662e755d23640) Importer(815301076,1909f56bfc062723c751e8b465ee728b)  -> (artifact id: 'ddca399948f8edad918f1189257308a6') in 0.017549 seconds
  Import took 0.020377 seconds .

========================================================================
Received Prepare
Registering precompiled user dll's ...
Registered in 0.000954 seconds.
Begin MonoManager ReloadAssembly
Native extension for WindowsStandalone target not found
Native extension for WebGL target not found
Refreshing native plugins compatible for Editor in 0.31 ms, found 1 plugins.
Preloading 0 native plugins for Editor in 0.00 ms.
Mono: successfully reloaded assembly
- Completed reload, in  0.723 seconds
Platform modules already initialized, skipping
Refreshing native plugins compatible for Editor in 0.30 ms, found 1 plugins.
Preloading 0 native plugins for Editor in 0.00 ms.
Unloading 1803 Unused Serialized files (Serialized files now loaded: 0)
System memory in use before: 84.9 MB.
System memory in use after: 84.9 MB.

Unloading 12 unused Assets to reduce memory usage. Loaded Objects now: 2266.
Total: 1.957600 ms (FindLiveObjects: 0.203400 ms CreateObjectMapping: 0.050700 ms MarkObjects: 1.615300 ms  DeleteObjects: 0.087400 ms)

========================================================================
Received Prepare
Registering precompiled user dll's ...
Registered in 0.001003 seconds.
Begin MonoManager ReloadAssembly
Native extension for WindowsStandalone target not found
Native extension for WebGL target not found
Refreshing native plugins compatible for Editor in 0.30 ms, found 1 plugins.
Preloading 0 native plugins for Editor in 0.00 ms.
Mono: successfully reloaded assembly
- Completed reload, in  0.703 seconds
Platform modules already initialized, skipping
Refreshing native plugins compatible for Editor in 0.29 ms, found 1 plugins.
Preloading 0 native plugins for Editor in 0.00 ms.
Unloading 1803 Unused Serialized files (Serialized files now loaded: 0)
System memory in use before: 84.9 MB.
System memory in use after: 84.9 MB.

Unloading 12 unused Assets to reduce memory usage. Loaded Objects now: 2270.
Total: 4.479000 ms (FindLiveObjects: 0.396000 ms CreateObjectMapping: 0.181300 ms MarkObjects: 3.717600 ms  DeleteObjects: 0.182100 ms)

========================================================================
Received Import Request.
  Time since last request: 32.908982 seconds.
  path: Assets/Animations/Player.anim
  artifactKey: Guid(ad3c738f68fb25e42b2d1725cb68988f) Importer(815301076,1909f56bfc062723c751e8b465ee728b)
Start importing Assets/Animations/Player.anim using Guid(ad3c738f68fb25e42b2d1725cb68988f) Importer(815301076,1909f56bfc062723c751e8b465ee728b)  -> (artifact id: '33f67a7ebbcb154751e1f88ae27bf837') in 0.011965 seconds
  Import took 0.014756 seconds .

========================================================================
Received Prepare
Registering precompiled user dll's ...
Registered in 0.000854 seconds.
Begin MonoManager ReloadAssembly
Native extension for WindowsStandalone target not found
Native extension for WebGL target not found
Refreshing native plugins compatible for Editor in 0.32 ms, found 1 plugins.
Preloading 0 native plugins for Editor in 0.00 ms.
Mono: successfully reloaded assembly
- Completed reload, in  0.732 seconds
Platform modules already initialized, skipping
Refreshing native plugins compatible for Editor in 0.31 ms, found 1 plugins.
Preloading 0 native plugins for Editor in 0.00 ms.
Unloading 1803 Unused Serialized files (Serialized files now loaded: 0)
System memory in use before: 84.9 MB.
System memory in use after: 84.9 MB.

Unloading 12 unused Assets to reduce memory usage. Loaded Objects now: 2274.
Total: 4.974300 ms (FindLiveObjects: 0.572500 ms CreateObjectMapping: 0.201300 ms MarkObjects: 3.995800 ms  DeleteObjects: 0.202600 ms)

AssetImportWorkerClient::OnTransportError - code=2 error=End of file
